<?xml version="1.0" encoding="UTF-8"?>
<testng-results ignored="0" total="4" passed="4" failed="0" skipped="0">
  <reporter-output>
    <line>
      <![CDATA[get SuiteConnections Done Sucessfully]]>
    </line>
    <line>
      <![CDATA[PreCondition Done Sucessfully]]>
    </line>
    <line>
      <![CDATA[BrowserSetup chromesuccessful]]>
    </line>
    <line>
      <![CDATA[ login sucessfully]]>
    </line>
    <line>
      <![CDATA[ logout sucessfully]]>
    </line>
    <line>
      <![CDATA[ login sucessfully]]>
    </line>
    <line>
      <![CDATA[ logout sucessfully]]>
    </line>
    <line>
      <![CDATA[ login sucessfully]]>
    </line>
    <line>
      <![CDATA[ logout sucessfully]]>
    </line>
    <line>
      <![CDATA[ login sucessfully]]>
    </line>
    <line>
      <![CDATA[ logout sucessfully]]>
    </line>
    <line>
      <![CDATA[CloseBrowser Sucessfully]]>
    </line>
    <line>
      <![CDATA[PostCondition Done Sucessfully]]>
    </line>
    <line>
      <![CDATA[Terminate SuiteConnections Done Sucessfully]]>
    </line>
  </reporter-output>
  <suite started-at="2024-09-11T17:11:57 IST" name="FunctionalityTest" finished-at="2024-09-11T17:12:04 IST" duration-ms="7850">
    <groups>
    </groups>
    <test started-at="2024-09-11T17:11:57 IST" name="Test" finished-at="2024-09-11T17:12:04 IST" duration-ms="7850">
      <class name="com.amazon.registertest.RegisterTest">
        <test-method is-config="true" signature="getSuiteconnection()[pri:0, instance:com.amazon.registertest.RegisterTest@4686afc2]" started-at="2024-09-11T17:11:57 IST" name="getSuiteconnection" finished-at="2024-09-11T17:11:57 IST" duration-ms="15" status="PASS">
          <reporter-output>
            <line>
              <![CDATA[get SuiteConnections Done Sucessfully]]>
            </line>
          </reporter-output>
        </test-method> <!-- getSuiteconnection -->
        <test-method is-config="true" signature="precondition()[pri:0, instance:com.amazon.registertest.RegisterTest@4686afc2]" started-at="2024-09-11T17:11:57 IST" name="precondition" finished-at="2024-09-11T17:11:57 IST" duration-ms="312" status="PASS">
          <reporter-output>
            <line>
              <![CDATA[PreCondition Done Sucessfully]]>
            </line>
          </reporter-output>
        </test-method> <!-- precondition -->
        <test-method is-config="true" signature="browserSetup(java.lang.String)[pri:0, instance:com.amazon.registertest.RegisterTest@4686afc2]" started-at="2024-09-11T17:11:57 IST" name="browserSetup" finished-at="2024-09-11T17:11:59 IST" duration-ms="2432" status="PASS">
          <params>
            <param index="0">
              <value>
                <![CDATA[chrome]]>
              </value>
            </param>
          </params>
          <reporter-output>
            <line>
              <![CDATA[BrowserSetup chromesuccessful]]>
            </line>
          </reporter-output>
        </test-method> <!-- browserSetup -->
        <test-method is-config="true" signature="login()[pri:0, instance:com.amazon.registertest.RegisterTest@4686afc2]" started-at="2024-09-11T17:11:59 IST" name="login" finished-at="2024-09-11T17:11:59 IST" duration-ms="0" status="PASS">
          <reporter-output>
            <line>
              <![CDATA[ login sucessfully]]>
            </line>
          </reporter-output>
        </test-method> <!-- login -->
        <test-method signature="registerValidData()[pri:0, instance:com.amazon.registertest.RegisterTest@4686afc2]" started-at="2024-09-11T17:11:59 IST" name="registerValidData" finished-at="2024-09-11T17:12:04 IST" duration-ms="4271" status="PASS">
          <reporter-output>
          </reporter-output>
        </test-method> <!-- registerValidData -->
        <test-method is-config="true" signature="logout()[pri:0, instance:com.amazon.registertest.RegisterTest@4686afc2]" started-at="2024-09-11T17:12:04 IST" name="logout" finished-at="2024-09-11T17:12:04 IST" duration-ms="0" status="PASS">
          <reporter-output>
            <line>
              <![CDATA[ logout sucessfully]]>
            </line>
          </reporter-output>
        </test-method> <!-- logout -->
        <test-method signature="validateRegisterButtoncolour()[pri:0, instance:com.amazon.registertest.RegisterTest@4686afc2]" started-at="2024-09-11T17:12:04 IST" name="validateRegisterButtoncolour" finished-at="2024-09-11T17:12:04 IST" duration-ms="82" status="PASS">
          <reporter-output>
          </reporter-output>
        </test-method> <!-- validateRegisterButtoncolour -->
        <test-method is-config="true" signature="login()[pri:0, instance:com.amazon.registertest.RegisterTest@4686afc2]" started-at="2024-09-11T17:12:04 IST" name="login" finished-at="2024-09-11T17:12:04 IST" duration-ms="0" status="PASS">
          <reporter-output>
            <line>
              <![CDATA[ login sucessfully]]>
            </line>
          </reporter-output>
        </test-method> <!-- login -->
        <test-method is-config="true" signature="logout()[pri:0, instance:com.amazon.registertest.RegisterTest@4686afc2]" started-at="2024-09-11T17:12:04 IST" name="logout" finished-at="2024-09-11T17:12:04 IST" duration-ms="1" status="PASS">
          <reporter-output>
            <line>
              <![CDATA[ logout sucessfully]]>
            </line>
          </reporter-output>
        </test-method> <!-- logout -->
        <test-method signature="validateRegisterButtonposition()[pri:0, instance:com.amazon.registertest.RegisterTest@4686afc2]" started-at="2024-09-11T17:12:04 IST" name="validateRegisterButtonposition" finished-at="2024-09-11T17:12:04 IST" duration-ms="79" status="PASS">
          <reporter-output>
          </reporter-output>
        </test-method> <!-- validateRegisterButtonposition -->
        <test-method is-config="true" signature="login()[pri:0, instance:com.amazon.registertest.RegisterTest@4686afc2]" started-at="2024-09-11T17:12:04 IST" name="login" finished-at="2024-09-11T17:12:04 IST" duration-ms="0" status="PASS">
          <reporter-output>
            <line>
              <![CDATA[ login sucessfully]]>
            </line>
          </reporter-output>
        </test-method> <!-- login -->
        <test-method is-config="true" signature="logout()[pri:0, instance:com.amazon.registertest.RegisterTest@4686afc2]" started-at="2024-09-11T17:12:04 IST" name="logout" finished-at="2024-09-11T17:12:04 IST" duration-ms="0" status="PASS">
          <reporter-output>
            <line>
              <![CDATA[ logout sucessfully]]>
            </line>
          </reporter-output>
        </test-method> <!-- logout -->
        <test-method is-config="true" signature="login()[pri:0, instance:com.amazon.registertest.RegisterTest@4686afc2]" started-at="2024-09-11T17:12:04 IST" name="login" finished-at="2024-09-11T17:12:04 IST" duration-ms="0" status="PASS">
          <reporter-output>
            <line>
              <![CDATA[ login sucessfully]]>
            </line>
          </reporter-output>
        </test-method> <!-- login -->
        <test-method signature="validateRegisterButtonsize()[pri:0, instance:com.amazon.registertest.RegisterTest@4686afc2]" started-at="2024-09-11T17:12:04 IST" name="validateRegisterButtonsize" finished-at="2024-09-11T17:12:04 IST" duration-ms="77" status="PASS">
          <reporter-output>
          </reporter-output>
        </test-method> <!-- validateRegisterButtonsize -->
        <test-method is-config="true" signature="logout()[pri:0, instance:com.amazon.registertest.RegisterTest@4686afc2]" started-at="2024-09-11T17:12:04 IST" name="logout" finished-at="2024-09-11T17:12:04 IST" duration-ms="1" status="PASS">
          <reporter-output>
            <line>
              <![CDATA[ logout sucessfully]]>
            </line>
          </reporter-output>
        </test-method> <!-- logout -->
        <test-method is-config="true" signature="closebrowser()[pri:0, instance:com.amazon.registertest.RegisterTest@4686afc2]" started-at="2024-09-11T17:12:04 IST" name="closebrowser" finished-at="2024-09-11T17:12:04 IST" duration-ms="142" status="PASS">
          <reporter-output>
            <line>
              <![CDATA[CloseBrowser Sucessfully]]>
            </line>
          </reporter-output>
        </test-method> <!-- closebrowser -->
        <test-method is-config="true" signature="postcondition()[pri:0, instance:com.amazon.registertest.RegisterTest@4686afc2]" started-at="2024-09-11T17:12:04 IST" name="postcondition" finished-at="2024-09-11T17:12:04 IST" duration-ms="398" status="PASS">
          <reporter-output>
            <line>
              <![CDATA[PostCondition Done Sucessfully]]>
            </line>
          </reporter-output>
        </test-method> <!-- postcondition -->
        <test-method is-config="true" signature="terminateSuiteconnection()[pri:0, instance:com.amazon.registertest.RegisterTest@4686afc2]" started-at="2024-09-11T17:12:04 IST" name="terminateSuiteconnection" finished-at="2024-09-11T17:12:04 IST" duration-ms="1" status="PASS">
          <reporter-output>
            <line>
              <![CDATA[Terminate SuiteConnections Done Sucessfully]]>
            </line>
          </reporter-output>
        </test-method> <!-- terminateSuiteconnection -->
      </class> <!-- com.amazon.registertest.RegisterTest -->
    </test> <!-- Test -->
  </suite> <!-- FunctionalityTest -->
</testng-results>
