<?xml version="1.0" encoding="UTF-8"?>
<!-- Generated by org.testng.reporters.JUnitXMLReporter -->
<testsuite ignored="0" hostname="DESKTOP-CS1UR8R" failures="0" tests="4" name="Test" time="7.85" errors="0" timestamp="2024-09-11T17:12:04 IST">
  <testcase classname="com.amazon.registertest.RegisterTest" name="registerValidData" time="4.271"/>
  <testcase classname="com.amazon.registertest.RegisterTest" name="validateRegisterButtoncolour" time="0.082"/>
  <testcase classname="com.amazon.registertest.RegisterTest" name="validateRegisterButtonposition" time="0.079"/>
  <testcase classname="com.amazon.registertest.RegisterTest" name="validateRegisterButtonsize" time="0.077"/>
</testsuite> <!-- Test -->
