<?xml version="1.0" encoding="UTF-8"?>
<!-- Generated by org.testng.reporters.JUnitXMLReporter -->
<testsuite ignored="1" hostname="DESKTOP-CS1UR8R" failures="0" tests="3" name="Test" time="30.729" errors="0" timestamp="2024-08-09T10:46:42 IST">
  <testcase classname="com.amazon.registertest.RegisterTest" name="createUser_invalidData" time="9.531"/>
  <testcase classname="com.amazon.registertest.RegisterTest" name="createUser_invalidData" time="9.515"/>
  <testcase classname="com.amazon.registertest.RegisterTest" name="createUser_invalidData" time="9.501"/>
  <testcase classname="com.amazon.registertest.RegisterTest" name="createUser_validData" time="0.0">
    <ignored/>
  </testcase> <!-- createUser_validData -->
</testsuite> <!-- Test -->
